<?xml version="1.0" encoding="UTF-8"?>
<testsuite name="Tests" tests="1" skipped="0" failures="0" errors="0" timestamp="2023-06-15T01:38:23" hostname="DESKTOP-PCK3B23" time="0.011">
  <properties/>
  <testcase name="test1()" classname="Tests" time="0.011"/>
  <system-out><![CDATA[]]></system-out>
  <system-err><![CDATA[]]></system-err>
</testsuite>
